args = An object of class Arguments:
self.literals_per_product = 3
self.products_per_output = 2
self.products_in_total = 5
self.subxpat = True
self.subxpat_v2 = False
self.et = 32
self.clean = True
self.partitioning_percentage = 10
self.iterations = 1
self.grid = True
self.multiple = False
self.plot = False
self.imax = 3
self.omax = 2
self.sensitivity = -1
self.timeout = 10800
self.subgraph_size = 10
self.mode = 4
self.manual_nodes = []
self.population = 1
self.num_models = 1
self.min_labeling = False
self.shared = True
self.parallel = True
self.full_error_function = 1
self.sub_error_function = 1
self.et_partitioning = 'asc'
self.partial_labeling = True
self.num_subgraphs = 1
self.clean = True
self.encoding = 1
self.multilevel = True
self.lv=5
[34mcleaning...[39m
specs_obj = An object of Class TemplateSpecs:
self.template_name = 'MULTILEVEL'
self.exact_benchmark = 'adder_i10_o6'
self.benchmark_name = 'adder_i10_o6'
self.lpp = None
self.ppo = None
self.pit = None
self.lv = None
self.subxpat = True
self.subxpat_v2 = False
self.num_of_models = 1
self.et = 32
self.partitioning_percentage = 10
self.iterations = 1
self.grid = True
self.imax = 3
self.omax = 2
self.max_sensitivity = -1
self.sensitivity = 0
self.timeout = 10800.0
self.min_subgraph_size = 10
self.mode = 4
self.manual_nodes = []
self.population = 1
self.shared = True
self.multilevel = True
self.parallel = True
self.min_labeling = False
self.full_error_function = 1
self.sub_error_function = 1
self.et_partitioning = 'asc'
self.partial_labeling = True
self.keep_unsat_candidate = False

[34mShared SubXPAT started...[39m
path = 'output/report/grid_adder_i10_o6_5X5_et32_shared_subxpat__enc1_mode4_omax2_imax3_kucFalse_MULTILEVEL_time20240812:104041.csv'
[36miteration 1 with et 1, available error 32[39m
[36mcandidate adder_i10_o6[39m
[94mLabeling (explicit & parallel)... [0m[94mDone[0m
labeling_time = 1.8494822978973389
[34mPartition with omax=2 and feasibility constraints. Looking for largest partition[39m
[32msubgraph found -> SAT[39m[32m (#ofNodes=6)[39m
subgraph_extraction_time = 0.4449193477630615
subgraph exported at output/gv/subgraphs/adder_i10_o6_et1_mode4_omax2_serr1.gv
[34mGrid (8 X 5) and et=1 exploration started...[39m
[32mverifying all approximate circuits -> [39m[32mErrorEval PASS! with total wce = 1[39m
[32mCell = (2, 1) iteration = 1 -> sat (1 models found)[39m
[32mDesign ID       Area        Power     Delay
-----------  -------  -----------  --------
Exact        67.5792  2.4298e-05   0.287319
id0          63.3555  2.36161e-05  0.280921[39m
[32mtime = 98.4426577091217[39m
candidates = {'adder_i10_o6_et1_MULTILEVEL_enc1_id0.v': (63.3555, 2.361613042012e-05, 0.280921, (2, 1))}
[36miteration 2 with et 2, available error 32[39m
[36mcandidate adder_i10_o6_et1_MULTILEVEL_enc1_id0.v[39m
[94mLabeling (explicit & parallel)... [0m[94mDone[0m
labeling_time = 2.1085219383239746
[34mPartition with omax=2 and feasibility constraints. Looking for largest partition[39m
[32msubgraph found -> SAT[39m[32m (#ofNodes=12)[39m
subgraph_extraction_time = 0.33667755126953125
subgraph exported at output/gv/subgraphs/adder_i10_o6_et1_MULTILEVEL_enc1_id0_et2_mode4_omax2_serr1.gv
[34mGrid (8 X 5) and et=2 exploration started...[39m
[36mHERE[39m
[32mcan get this model[39m
(63.3555, 2.361613042012e-05, 0.280921, (2, 1))
[36mobj_model[0] = 63.3555, synth_obj.estimate_area = 49.2765[39m
changin previous iteration graph ... {'adder_i10_o6_et1_MULTILEVEL_enc1_id0_0.v': (49.2765, 1.717745362839e-05, 0.229553, (2, 1))}
[32mverifying all approximate circuits -> [39m[32mErrorEval PASS! with total wce = 2[39m
[32mCell = (2, 1) iteration = 2 -> sat (1 models found)[39m
[32mDesign ID       Area        Power     Delay
-----------  -------  -----------  --------
Exact        67.5792  2.4298e-05   0.287319
id0_0        49.2765  1.71775e-05  0.229553[39m
[32mtime = 191.89406847953796[39m
candidates = {'adder_i10_o6_et1_MULTILEVEL_enc1_id0_0.v': (49.2765, 1.717745362839e-05, 0.229553, (2, 1))}
[36miteration 3 with et 4, available error 32[39m
[36mcandidate adder_i10_o6_et1_MULTILEVEL_enc1_id0_0.v[39m
[94mLabeling (explicit & parallel)... [0m[94mDone[0m
labeling_time = 1.934535026550293
[34mPartition with omax=2 and feasibility constraints. Looking for largest partition[39m
[32msubgraph found -> SAT[39m[32m (#ofNodes=13)[39m
subgraph_extraction_time = 0.3051187992095947
subgraph exported at output/gv/subgraphs/adder_i10_o6_et1_MULTILEVEL_enc1_id0_0_et4_mode4_omax2_serr1.gv
[34mGrid (8 X 5) and et=4 exploration started...[39m
[36mHERE[39m
[32mcan get this model[39m
(49.2765, 1.717745362839e-05, 0.229553, (2, 1))
[36mobj_model[0] = 49.2765, synth_obj.estimate_area = 37.0747[39m
changin previous iteration graph ... {'adder_i10_o6_et1_MULTILEVEL_enc1_id0_0_0.v': (37.0747, 1.248953867616e-05, 0.171782, (2, 1))}
[32mverifying all approximate circuits -> [39m[32mErrorEval PASS! with total wce = 4[39m
[32mCell = (2, 1) iteration = 3 -> sat (1 models found)[39m
[32mDesign ID       Area        Power     Delay
-----------  -------  -----------  --------
Exact        67.5792  2.4298e-05   0.287319
id0_0_0      37.0747  1.24895e-05  0.171782[39m
[32mtime = 274.51921129226685[39m
candidates = {'adder_i10_o6_et1_MULTILEVEL_enc1_id0_0_0.v': (37.0747, 1.248953867616e-05, 0.171782, (2, 1))}
[36miteration 4 with et 8, available error 32[39m
[36mcandidate adder_i10_o6_et1_MULTILEVEL_enc1_id0_0_0.v[39m
[94mLabeling (explicit & parallel)... [0m[94mDone[0m
labeling_time = 1.922027587890625
[34mPartition with omax=2 and feasibility constraints. Looking for largest partition[39m
[32msubgraph found -> SAT[39m[32m (#ofNodes=13)[39m
subgraph_extraction_time = 0.21373367309570312
subgraph exported at output/gv/subgraphs/adder_i10_o6_et1_MULTILEVEL_enc1_id0_0_0_et8_mode4_omax2_serr1.gv
[34mGrid (8 X 5) and et=8 exploration started...[39m
[36mHERE[39m
[32mcan get this model[39m
(37.0747, 1.248953867616e-05, 0.171782, (2, 1))
[36mobj_model[0] = 37.0747, synth_obj.estimate_area = 24.8729[39m
changin previous iteration graph ... {'adder_i10_o6_et1_MULTILEVEL_enc1_id0_0_0_0.v': (24.8729, 7.977570021466999e-06, 0.11319, (2, 1))}
[32mverifying all approximate circuits -> [39m[32mErrorEval PASS! with total wce = 8[39m
[32mCell = (2, 1) iteration = 4 -> sat (1 models found)[39m
[32mDesign ID       Area        Power     Delay
-----------  -------  -----------  --------
Exact        67.5792  2.4298e-05   0.287319
id0_0_0_0    24.8729  7.97757e-06  0.11319[39m
[32mtime = 357.7466335296631[39m
candidates = {'adder_i10_o6_et1_MULTILEVEL_enc1_id0_0_0_0.v': (24.8729, 7.977570021466999e-06, 0.11319, (2, 1))}
[36miteration 5 with et 16, available error 32[39m
[36mcandidate adder_i10_o6_et1_MULTILEVEL_enc1_id0_0_0_0.v[39m
[94mLabeling (explicit & parallel)... [0m[94mDone[0m
labeling_time = 1.8822298049926758
[34mPartition with omax=2 and feasibility constraints. Looking for largest partition[39m
[32msubgraph found -> SAT[39m[32m (#ofNodes=13)[39m
subgraph_extraction_time = 0.19156217575073242
subgraph exported at output/gv/subgraphs/adder_i10_o6_et1_MULTILEVEL_enc1_id0_0_0_0_et16_mode4_omax2_serr1.gv
[34mGrid (8 X 5) and et=16 exploration started...[39m
[36mHERE[39m
[32mcan get this model[39m
(24.8729, 7.977570021466999e-06, 0.11319, (2, 1))
[36mobj_model[0] = 24.8729, synth_obj.estimate_area = 12.6711[39m
changin previous iteration graph ... {'adder_i10_o6_et1_MULTILEVEL_enc1_id0_0_0_0_0.v': (12.6711, 4.050360985275e-06, 0.041962, (2, 1))}
[32mverifying all approximate circuits -> [39m[32mErrorEval PASS! with total wce = 16[39m
[32mCell = (2, 1) iteration = 5 -> sat (1 models found)[39m
[32mDesign ID       Area        Power     Delay
-----------  -------  -----------  --------
Exact        67.5792  2.4298e-05   0.287319
id0_0_0_0_0  12.6711  4.05036e-06  0.041962[39m
[32mtime = 433.553071975708[39m
candidates = {'adder_i10_o6_et1_MULTILEVEL_enc1_id0_0_0_0_0.v': (12.6711, 4.050360985275e-06, 0.041962, (2, 1))}
[36miteration 6 with et 32, available error 32[39m
[36mcandidate adder_i10_o6_et1_MULTILEVEL_enc1_id0_0_0_0_0.v[39m
[94mLabeling (explicit & parallel)... [0m[94mDone[0m
labeling_time = 1.7160379886627197
[34mPartition with omax=2 and feasibility constraints. Looking for largest partition[39m
[32msubgraph found -> SAT[39m[32m (#ofNodes=8)[39m
subgraph_extraction_time = 0.11377835273742676
subgraph exported at output/gv/subgraphs/adder_i10_o6_et1_MULTILEVEL_enc1_id0_0_0_0_0_et32_mode4_omax2_serr1.gv
[34mGrid (8 X 5) and et=32 exploration started...[39m
[36mHERE[39m
[32mcan get this model[39m
(12.6711, 4.050360985275e-06, 0.041962, (2, 1))
[36mobj_model[0] = 12.6711, synth_obj.estimate_area = 7.0395[39m
changin previous iteration graph ... {'adder_i10_o6_et1_MULTILEVEL_enc1_id0_0_0_0_0_0.v': (7.0395, 1.944546283994e-06, 0.041962, (2, 1))}
[32mverifying all approximate circuits -> [39m[32mErrorEval PASS! with total wce = 32[39m
[32mCell = (2, 1) iteration = 6 -> sat (1 models found)[39m
[32mDesign ID         Area        Power     Delay
-------------  -------  -----------  --------
Exact          67.5792  2.4298e-05   0.287319
id0_0_0_0_0_0   7.0395  1.94455e-06  0.041962[39m
[32mtime = 500.59271931648254[39m
candidates = {'adder_i10_o6_et1_MULTILEVEL_enc1_id0_0_0_0_0_0.v': (7.0395, 1.944546283994e-06, 0.041962, (2, 1))}
