args = An object of class Arguments:
self.literals_per_product = 3
self.products_per_output = 2
self.products_in_total = 5
self.subxpat = True
self.subxpat_v2 = False
self.et = 32
self.clean = True
self.partitioning_percentage = 10
self.iterations = 1
self.grid = True
self.multiple = False
self.plot = False
self.imax = 3
self.omax = 2
self.sensitivity = -1
self.timeout = 10800
self.subgraph_size = 10
self.mode = 4
self.manual_nodes = []
self.population = 1
self.num_models = 1
self.min_labeling = False
self.shared = True
self.parallel = True
self.full_error_function = 1
self.sub_error_function = 1
self.et_partitioning = 'asc'
self.partial_labeling = True
self.num_subgraphs = 1
self.clean = True
self.encoding = 1
self.multilevel = True
self.lv=5
[34mcleaning...[39m
specs_obj = An object of Class TemplateSpecs:
self.template_name = 'MULTILEVEL'
self.exact_benchmark = 'adder_i10_o6'
self.benchmark_name = 'adder_i10_o6'
self.lpp = None
self.ppo = None
self.pit = None
self.lv = None
self.subxpat = True
self.subxpat_v2 = False
self.num_of_models = 1
self.et = 32
self.partitioning_percentage = 10
self.iterations = 1
self.grid = True
self.imax = 3
self.omax = 2
self.max_sensitivity = -1
self.sensitivity = 0
self.timeout = 10800.0
self.min_subgraph_size = 10
self.mode = 4
self.manual_nodes = []
self.population = 1
self.shared = True
self.multilevel = True
self.parallel = True
self.min_labeling = False
self.full_error_function = 1
self.sub_error_function = 1
self.et_partitioning = 'asc'
self.partial_labeling = True
self.keep_unsat_candidate = False

[34mShared SubXPAT started...[39m
path = 'output/report/grid_adder_i10_o6_5X5_et32_shared_subxpat__enc1_mode4_omax2_imax3_kucFalse_MULTILEVEL_time20240812:100156.csv'
[36miteration 1 with et 1, available error 32[39m
[36mcandidate adder_i10_o6[39m
[94mLabeling (explicit & parallel)... [0m[94mDone[0m
labeling_time = 1.7989377975463867
[34mPartition with omax=2 and feasibility constraints. Looking for largest partition[39m
[32msubgraph found -> SAT[39m[32m (#ofNodes=6)[39m
subgraph_extraction_time = 0.42664384841918945
subgraph exported at output/gv/subgraphs/adder_i10_o6_et1_mode4_omax2_serr1.gv
[34mGrid (8 X 5) and et=1 exploration started...[39m
[32mverifying all approximate circuits -> [39m[32mErrorEval PASS! with total wce = 1[39m
[32mCell = (1, 1) iteration = 1 -> sat (1 models found)[39m
[32mDesign ID       Area        Power     Delay
-----------  -------  -----------  --------
Exact        67.5792  2.4298e-05   0.287319
id0          61.4783  2.72321e-05  0.236255[39m
[32mtime = 114.75116467475891[39m
candidates = {'adder_i10_o6_et1_MULTILEVEL_enc1_id0.v': (61.4783, 2.7232132197240005e-05, 0.236255, (1, 1))}
[36miteration 2 with et 2, available error 32[39m
[36mcandidate adder_i10_o6_et1_MULTILEVEL_enc1_id0.v[39m
[94mLabeling (explicit & parallel)... [0m[94mDone[0m
labeling_time = 2.123729705810547
[34mPartition with omax=2 and feasibility constraints. Looking for largest partition[39m
[32msubgraph found -> SAT[39m[32m (#ofNodes=9)[39m
subgraph_extraction_time = 0.3928999900817871
subgraph exported at output/gv/subgraphs/adder_i10_o6_et1_MULTILEVEL_enc1_id0_et2_mode4_omax2_serr1.gv
[34mGrid (8 X 5) and et=2 exploration started...[39m
[33mCell(1,1) at iteration 2 -> UNSAT[39m
[33mCell(2,1) at iteration 2 -> UNSAT[39m
[36mHERE[39m
[32mcan get this model[39m
(61.4783, 2.7232132197240005e-05, 0.236255, (1, 1))
[36mobj_model[0] = 61.4783, synth_obj.estimate_area = 54.9081[39m
changin previous iteration graph ... {'adder_i10_o6_et1_MULTILEVEL_enc1_id0_0.v': (54.9081, 1.8701312001210003e-05, 0.229553, (2, 2))}
[32mverifying all approximate circuits -> [39m[32mErrorEval PASS! with total wce = 2[39m
[32mCell = (2, 2) iteration = 2 -> sat (1 models found)[39m
[32mDesign ID       Area        Power     Delay
-----------  -------  -----------  --------
Exact        67.5792  2.4298e-05   0.287319
id0_0        54.9081  1.87013e-05  0.229553[39m
[32mtime = 224.76452779769897[39m
candidates = {'adder_i10_o6_et1_MULTILEVEL_enc1_id0_0.v': (54.9081, 1.8701312001210003e-05, 0.229553, (2, 2))}
[36miteration 3 with et 4, available error 32[39m
[36mcandidate adder_i10_o6_et1_MULTILEVEL_enc1_id0_0.v[39m
[94mLabeling (explicit & parallel)... [0m[94mDone[0m
labeling_time = 2.0825307369232178
[34mPartition with omax=2 and feasibility constraints. Looking for largest partition[39m
[32msubgraph found -> SAT[39m[32m (#ofNodes=11)[39m
subgraph_extraction_time = 0.32842111587524414
subgraph exported at output/gv/subgraphs/adder_i10_o6_et1_MULTILEVEL_enc1_id0_0_et4_mode4_omax2_serr1.gv
[34mGrid (8 X 5) and et=4 exploration started...[39m
[33mCell(1,1) at iteration 3 -> UNSAT[39m
[33mCell(2,1) at iteration 3 -> UNSAT[39m
[33mCell(2,2) at iteration 3 -> UNSAT[39m
[36mHERE[39m
[32mcan get this model[39m
(54.9081, 1.8701312001210003e-05, 0.229553, (2, 2))
[36mobj_model[0] = 54.9081, synth_obj.estimate_area = 53.0309[39m
changin previous iteration graph ... {'adder_i10_o6_et1_MULTILEVEL_enc1_id0_0_0.v': (53.0309, 2.049260365311e-05, 0.197148, (2, 3))}
[32mverifying all approximate circuits -> [39m[32mErrorEval PASS! with total wce = 2[39m
[32mCell = (2, 3) iteration = 3 -> sat (1 models found)[39m
[32mDesign ID       Area        Power     Delay
-----------  -------  -----------  --------
Exact        67.5792  2.4298e-05   0.287319
id0_0_0      53.0309  2.04926e-05  0.197148[39m
[32mtime = 332.121741771698[39m
candidates = {'adder_i10_o6_et1_MULTILEVEL_enc1_id0_0_0.v': (53.0309, 2.049260365311e-05, 0.197148, (2, 3))}
[36miteration 4 with et 8, available error 32[39m
[36mcandidate adder_i10_o6_et1_MULTILEVEL_enc1_id0_0_0.v[39m
[94mLabeling (explicit & parallel)... [0m[94mDone[0m
labeling_time = 2.7396321296691895
[34mPartition with omax=2 and feasibility constraints. Looking for largest partition[39m
[32msubgraph found -> SAT[39m[32m (#ofNodes=19)[39m
subgraph_extraction_time = 0.384735107421875
subgraph exported at output/gv/subgraphs/adder_i10_o6_et1_MULTILEVEL_enc1_id0_0_0_et8_mode4_omax2_serr1.gv
[34mGrid (8 X 5) and et=8 exploration started...[39m
[33mCell(1,1) at iteration 4 -> UNSAT[39m
[33mCell(2,1) at iteration 4 -> UNSAT[39m
[33mCell(2,2) at iteration 4 -> UNSAT[39m
[33mCell(2,3) at iteration 4 -> UNSAT[39m
[36mHERE[39m
[32mcan get this model[39m
(53.0309, 2.049260365311e-05, 0.197148, (2, 3))
[36mobj_model[0] = 53.0309, synth_obj.estimate_area = 57.2546[39m
changin previous iteration graph ... {'adder_i10_o6_et1_MULTILEVEL_enc1_id0_0_0_0.v': (57.2546, 2.3258628061740002e-05, 0.206598, (2, 4))}
[32mverifying all approximate circuits -> [39m[32mErrorEval PASS! with total wce = 2[39m
[32mCell = (2, 4) iteration = 4 -> sat (1 models found)[39m
[32mDesign ID       Area        Power     Delay
-----------  -------  -----------  --------
Exact        67.5792  2.4298e-05   0.287319
id0_0_0_0    57.2546  2.32586e-05  0.206598[39m
[32mtime = 1337.5916328430176[39m
candidates = {'adder_i10_o6_et1_MULTILEVEL_enc1_id0_0_0_0.v': (57.2546, 2.3258628061740002e-05, 0.206598, (2, 4))}
[36miteration 5 with et 16, available error 32[39m
[36mcandidate adder_i10_o6_et1_MULTILEVEL_enc1_id0_0_0_0.v[39m
[94mLabeling (explicit & parallel)... [0m[94mDone[0m
labeling_time = 3.2023801803588867
[34mPartition with omax=2 and feasibility constraints. Looking for largest partition[39m
[32msubgraph found -> SAT[39m[32m (#ofNodes=23)[39m
subgraph_extraction_time = 0.4661831855773926
subgraph exported at output/gv/subgraphs/adder_i10_o6_et1_MULTILEVEL_enc1_id0_0_0_0_et16_mode4_omax2_serr1.gv
[34mGrid (8 X 5) and et=16 exploration started...[39m
[36mHERE[39m
[32mcan get this model[39m
(57.2546, 2.3258628061740002e-05, 0.206598, (2, 4))
[36mobj_model[0] = 57.2546, synth_obj.estimate_area = 43.6449[39m
changin previous iteration graph ... {'adder_i10_o6_et1_MULTILEVEL_enc1_id0_0_0_0_0.v': (43.6449, 1.4553674191120003e-05, 0.193153, (1, 1))}
[32mverifying all approximate circuits -> [39m[32mErrorEval PASS! with total wce = 10[39m
[32mCell = (1, 1) iteration = 5 -> sat (1 models found)[39m
[32mDesign ID       Area        Power     Delay
-----------  -------  -----------  --------
Exact        67.5792  2.4298e-05   0.287319
id0_0_0_0_0  43.6449  1.45537e-05  0.193153[39m
[32mtime = 1429.7488310337067[39m
candidates = {'adder_i10_o6_et1_MULTILEVEL_enc1_id0_0_0_0_0.v': (43.6449, 1.4553674191120003e-05, 0.193153, (1, 1))}
[36miteration 6 with et 32, available error 32[39m
[36mcandidate adder_i10_o6_et1_MULTILEVEL_enc1_id0_0_0_0_0.v[39m
[94mLabeling (explicit & parallel)... [0m[94mDone[0m
labeling_time = 2.4493939876556396
[34mPartition with omax=2 and feasibility constraints. Looking for largest partition[39m
[32msubgraph found -> SAT[39m[32m (#ofNodes=17)[39m
subgraph_extraction_time = 0.28536367416381836
subgraph exported at output/gv/subgraphs/adder_i10_o6_et1_MULTILEVEL_enc1_id0_0_0_0_0_et32_mode4_omax2_serr1.gv
[34mGrid (8 X 5) and et=32 exploration started...[39m
[36mHERE[39m
[32mcan get this model[39m
(43.6449, 1.4553674191120003e-05, 0.193153, (1, 1))
[36mobj_model[0] = 43.6449, synth_obj.estimate_area = 15.0176[39m
changin previous iteration graph ... {'adder_i10_o6_et1_MULTILEVEL_enc1_id0_0_0_0_0_0.v': (15.0176, 4.533877472568e-06, 0.040805, (1, 1))}
[32mverifying all approximate circuits -> [39m[32mErrorEval PASS! with total wce = 21[39m
[32mCell = (1, 1) iteration = 6 -> sat (1 models found)[39m
[32mDesign ID         Area        Power     Delay
-------------  -------  -----------  --------
Exact          67.5792  2.4298e-05   0.287319
id0_0_0_0_0_0  15.0176  4.53388e-06  0.040805[39m
[32mtime = 1503.9340703487396[39m
candidates = {'adder_i10_o6_et1_MULTILEVEL_enc1_id0_0_0_0_0_0.v': (15.0176, 4.533877472568e-06, 0.040805, (1, 1))}
[36miteration 7 with et 64, available error 32[39m
[36mcandidate adder_i10_o6_et1_MULTILEVEL_enc1_id0_0_0_0_0_0.v[39m
[94mLabeling (explicit & parallel)... [0m[94mDone[0m
labeling_time = 1.7445201873779297
[34mPartition with omax=2 and feasibility constraints. Looking for largest partition[39m
[32msubgraph found -> SAT[39m[32m (#ofNodes=9)[39m
subgraph_extraction_time = 0.13482379913330078
subgraph exported at output/gv/subgraphs/adder_i10_o6_et1_MULTILEVEL_enc1_id0_0_0_0_0_0_et64_mode4_omax2_serr1.gv
[34mGrid (8 X 5) and et=64 exploration started...[39m
[36mHERE[39m
[32mcan get this model[39m
(15.0176, 4.533877472568e-06, 0.040805, (1, 1))
[36mobj_model[0] = 15.0176, synth_obj.estimate_area = 9.8553[39m
changin previous iteration graph ... {'adder_i10_o6_et1_MULTILEVEL_enc1_id0_0_0_0_0_0_0.v': (9.8553, 3.1528313684249996e-06, 0.061931, (1, 1))}
[32mverifying all approximate circuits -> [39m[32mErrorEval PASS! with total wce = 38[39m
[32mCell = (1, 1) iteration = 7 -> sat (1 models found)[39m
[32mDesign ID           Area        Power     Delay
---------------  -------  -----------  --------
Exact            67.5792  2.4298e-05   0.287319
id0_0_0_0_0_0_0   9.8553  3.15283e-06  0.061931[39m
[32mtime = 1573.9022316932678[39m
candidates = {'adder_i10_o6_et1_MULTILEVEL_enc1_id0_0_0_0_0_0_0.v': (9.8553, 3.1528313684249996e-06, 0.061931, (1, 1))}
