args = An object of class Arguments:
self.literals_per_product = 3
self.products_per_output = 2
self.products_in_total = 5
self.subxpat = True
self.subxpat_v2 = False
self.et = 32
self.clean = True
self.partitioning_percentage = 10
self.iterations = 1
self.grid = True
self.multiple = False
self.plot = False
self.imax = 3
self.omax = 2
self.sensitivity = -1
self.timeout = 10800
self.subgraph_size = 10
self.mode = 4
self.manual_nodes = []
self.population = 1
self.num_models = 1
self.min_labeling = False
self.shared = True
self.parallel = True
self.full_error_function = 1
self.sub_error_function = 1
self.et_partitioning = 'asc'
self.partial_labeling = True
self.num_subgraphs = 1
self.clean = True
self.encoding = 1
self.multilevel = True
self.lv=5
[34mcleaning...[39m
specs_obj = An object of Class TemplateSpecs:
self.template_name = 'MULTILEVEL'
self.exact_benchmark = 'adder_i10_o6'
self.benchmark_name = 'adder_i10_o6'
self.lpp = None
self.ppo = None
self.pit = None
self.lv = None
self.subxpat = True
self.subxpat_v2 = False
self.num_of_models = 1
self.et = 32
self.partitioning_percentage = 10
self.iterations = 1
self.grid = True
self.imax = 3
self.omax = 2
self.max_sensitivity = -1
self.sensitivity = 0
self.timeout = 10800.0
self.min_subgraph_size = 10
self.mode = 4
self.manual_nodes = []
self.population = 1
self.shared = True
self.multilevel = True
self.parallel = True
self.min_labeling = False
self.full_error_function = 1
self.sub_error_function = 1
self.et_partitioning = 'asc'
self.partial_labeling = True
self.keep_unsat_candidate = False

[34mShared SubXPAT started...[39m
path = 'output/report/grid_adder_i10_o6_5X5_et32_shared_subxpat__enc1_mode4_omax2_imax3_kucFalse_MULTILEVEL_time20240812:100236.csv'
[36miteration 1 with et 1, available error 32[39m
[36mcandidate adder_i10_o6[39m
[94mLabeling (explicit & parallel)... [0m[94mDone[0m
labeling_time = 1.904728651046753
[34mPartition with omax=2 and feasibility constraints. Looking for largest partition[39m
[32msubgraph found -> SAT[39m[32m (#ofNodes=6)[39m
subgraph_extraction_time = 0.43003177642822266
subgraph exported at output/gv/subgraphs/adder_i10_o6_et1_mode4_omax2_serr1.gv
[34mGrid (8 X 5) and et=1 exploration started...[39m
[32mverifying all approximate circuits -> [39m[32mErrorEval PASS! with total wce = 1[39m
[32mCell = (1, 1) iteration = 1 -> sat (1 models found)[39m
[32mDesign ID       Area        Power     Delay
-----------  -------  -----------  --------
Exact        67.5792  2.4298e-05   0.287319
id0          58.1932  2.66067e-05  0.236255[39m
[32mtime = 118.38449597358704[39m
candidates = {'adder_i10_o6_et1_MULTILEVEL_enc1_id0.v': (58.1932, 2.6606679966790002e-05, 0.236255, (1, 1))}
[36miteration 2 with et 2, available error 32[39m
[36mcandidate adder_i10_o6_et1_MULTILEVEL_enc1_id0.v[39m
[94mLabeling (explicit & parallel)... [0m[94mDone[0m
labeling_time = 2.023705005645752
[34mPartition with omax=2 and feasibility constraints. Looking for largest partition[39m
[32msubgraph found -> SAT[39m[32m (#ofNodes=9)[39m
subgraph_extraction_time = 0.39250946044921875
subgraph exported at output/gv/subgraphs/adder_i10_o6_et1_MULTILEVEL_enc1_id0_et2_mode4_omax2_serr1.gv
[34mGrid (8 X 5) and et=2 exploration started...[39m
[36mHERE[39m
[32mcan get this model[39m
(58.1932, 2.6606679966790002e-05, 0.236255, (1, 1))
[36mobj_model[0] = 58.1932, synth_obj.estimate_area = 55.8467[39m
changin previous iteration graph ... {'adder_i10_o6_et1_MULTILEVEL_enc1_id0_0.v': (55.8467, 2.1182817363300003e-05, 0.236255, (1, 1))}
[32mverifying all approximate circuits -> [39m[32mErrorEval PASS! with total wce = 2[39m
[32mCell = (1, 1) iteration = 2 -> sat (1 models found)[39m
[32mDesign ID       Area        Power     Delay
-----------  -------  -----------  --------
Exact        67.5792  2.4298e-05   0.287319
id0_0        55.8467  2.11828e-05  0.236255[39m
[32mtime = 212.6995611190796[39m
candidates = {'adder_i10_o6_et1_MULTILEVEL_enc1_id0_0.v': (55.8467, 2.1182817363300003e-05, 0.236255, (1, 1))}
[36miteration 3 with et 4, available error 32[39m
[36mcandidate adder_i10_o6_et1_MULTILEVEL_enc1_id0_0.v[39m
[94mLabeling (explicit & parallel)... [0m[94mDone[0m
labeling_time = 2.280137062072754
[34mPartition with omax=2 and feasibility constraints. Looking for largest partition[39m
[32msubgraph found -> SAT[39m[32m (#ofNodes=13)[39m
subgraph_extraction_time = 0.3607640266418457
subgraph exported at output/gv/subgraphs/adder_i10_o6_et1_MULTILEVEL_enc1_id0_0_et4_mode4_omax2_serr1.gv
[34mGrid (8 X 5) and et=4 exploration started...[39m
[33mCell(1,1) at iteration 3 -> UNSAT[39m
[33mCell(2,1) at iteration 3 -> UNSAT[39m
[33mCell(2,2) at iteration 3 -> UNSAT[39m
[33mCell(2,3) at iteration 3 -> UNSAT[39m
[36mHERE[39m
[32mcan get this model[39m
(55.8467, 2.1182817363300003e-05, 0.236255, (1, 1))
[36mobj_model[0] = 55.8467, synth_obj.estimate_area = 53.5002[39m
changin previous iteration graph ... {'adder_i10_o6_et1_MULTILEVEL_enc1_id0_0_0.v': (53.5002, 1.9160590454700002e-05, 0.258189, (2, 4))}
[32mverifying all approximate circuits -> [39m[32mErrorEval PASS! with total wce = 3[39m
[32mCell = (2, 4) iteration = 3 -> sat (1 models found)[39m
[32mDesign ID       Area        Power     Delay
-----------  -------  -----------  --------
Exact        67.5792  2.4298e-05   0.287319
id0_0_0      53.5002  1.91606e-05  0.258189[39m
[32mtime = 345.8449795246124[39m
candidates = {'adder_i10_o6_et1_MULTILEVEL_enc1_id0_0_0.v': (53.5002, 1.9160590454700002e-05, 0.258189, (2, 4))}
[36miteration 4 with et 8, available error 32[39m
[36mcandidate adder_i10_o6_et1_MULTILEVEL_enc1_id0_0_0.v[39m
[94mLabeling (explicit & parallel)... [0m[94mDone[0m
labeling_time = 2.6287789344787598
[34mPartition with omax=2 and feasibility constraints. Looking for largest partition[39m
[32msubgraph found -> SAT[39m[32m (#ofNodes=17)[39m
subgraph_extraction_time = 0.36885952949523926
subgraph exported at output/gv/subgraphs/adder_i10_o6_et1_MULTILEVEL_enc1_id0_0_0_et8_mode4_omax2_serr1.gv
[34mGrid (8 X 5) and et=8 exploration started...[39m
[36mHERE[39m
[32mcan get this model[39m
(53.5002, 1.9160590454700002e-05, 0.258189, (2, 4))
[36mobj_model[0] = 53.5002, synth_obj.estimate_area = 41.2984[39m
changin previous iteration graph ... {'adder_i10_o6_et1_MULTILEVEL_enc1_id0_0_0_0.v': (41.2984, 1.4890801139700001e-05, 0.184436, (1, 1))}
[32mverifying all approximate circuits -> [39m[32mErrorEval PASS! with total wce = 7[39m
[32mCell = (1, 1) iteration = 4 -> sat (1 models found)[39m
[32mDesign ID       Area        Power     Delay
-----------  -------  -----------  --------
Exact        67.5792  2.4298e-05   0.287319
id0_0_0_0    41.2984  1.48908e-05  0.184436[39m
[32mtime = 440.75082635879517[39m
candidates = {'adder_i10_o6_et1_MULTILEVEL_enc1_id0_0_0_0.v': (41.2984, 1.4890801139700001e-05, 0.184436, (1, 1))}
[36miteration 5 with et 16, available error 32[39m
[36mcandidate adder_i10_o6_et1_MULTILEVEL_enc1_id0_0_0_0.v[39m
[94mLabeling (explicit & parallel)... [0m[94mDone[0m
labeling_time = 2.4039151668548584
[34mPartition with omax=2 and feasibility constraints. Looking for largest partition[39m
[32msubgraph found -> SAT[39m[32m (#ofNodes=16)[39m
subgraph_extraction_time = 0.2638542652130127
subgraph exported at output/gv/subgraphs/adder_i10_o6_et1_MULTILEVEL_enc1_id0_0_0_0_et16_mode4_omax2_serr1.gv
[34mGrid (8 X 5) and et=16 exploration started...[39m
[36mHERE[39m
[32mcan get this model[39m
(41.2984, 1.4890801139700001e-05, 0.184436, (1, 1))
[36mobj_model[0] = 41.2984, synth_obj.estimate_area = 22.9957[39m
changin previous iteration graph ... {'adder_i10_o6_et1_MULTILEVEL_enc1_id0_0_0_0_0.v': (22.9957, 7.433773134834999e-06, 0.11319, (1, 1))}
[32mverifying all approximate circuits -> [39m[32mErrorEval PASS! with total wce = 15[39m
[32mCell = (1, 1) iteration = 5 -> sat (1 models found)[39m
[32mDesign ID       Area        Power     Delay
-----------  -------  -----------  --------
Exact        67.5792  2.4298e-05   0.287319
id0_0_0_0_0  22.9957  7.43377e-06  0.11319[39m
[32mtime = 525.6344606876373[39m
candidates = {'adder_i10_o6_et1_MULTILEVEL_enc1_id0_0_0_0_0.v': (22.9957, 7.433773134834999e-06, 0.11319, (1, 1))}
[36miteration 6 with et 32, available error 32[39m
[36mcandidate adder_i10_o6_et1_MULTILEVEL_enc1_id0_0_0_0_0.v[39m
[94mLabeling (explicit & parallel)... [0m[94mDone[0m
labeling_time = 2.0347046852111816
[34mPartition with omax=2 and feasibility constraints. Looking for largest partition[39m
[32msubgraph found -> SAT[39m[32m (#ofNodes=17)[39m
subgraph_extraction_time = 0.14169979095458984
subgraph exported at output/gv/subgraphs/adder_i10_o6_et1_MULTILEVEL_enc1_id0_0_0_0_0_et32_mode4_omax2_serr1.gv
[34mGrid (8 X 5) and et=32 exploration started...[39m
[36mHERE[39m
[32mcan get this model[39m
(22.9957, 7.433773134834999e-06, 0.11319, (1, 1))
[36mobj_model[0] = 22.9957, synth_obj.estimate_area = 7.9781[39m
changin previous iteration graph ... {'adder_i10_o6_et1_MULTILEVEL_enc1_id0_0_0_0_0_0.v': (7.9781, 2.7357582439439995e-06, 0.068239, (1, 1))}
[32mverifying all approximate circuits -> [39m[32mErrorEval PASS! with total wce = 27[39m
[32mCell = (1, 1) iteration = 6 -> sat (1 models found)[39m
[32mDesign ID         Area        Power     Delay
-------------  -------  -----------  --------
Exact          67.5792  2.4298e-05   0.287319
id0_0_0_0_0_0   7.9781  2.73576e-06  0.068239[39m
[32mtime = 592.2748754024506[39m
candidates = {'adder_i10_o6_et1_MULTILEVEL_enc1_id0_0_0_0_0_0.v': (7.9781, 2.7357582439439995e-06, 0.068239, (1, 1))}
[36miteration 7 with et 64, available error 32[39m
[36mcandidate adder_i10_o6_et1_MULTILEVEL_enc1_id0_0_0_0_0_0.v[39m
[94mLabeling (explicit & parallel)... [0m[94mDone[0m
labeling_time = 1.7523932456970215
[34mPartition with omax=2 and feasibility constraints. Looking for largest partition[39m
[32msubgraph found -> SAT[39m[32m (#ofNodes=11)[39m
subgraph_extraction_time = 0.1492629051208496
subgraph exported at output/gv/subgraphs/adder_i10_o6_et1_MULTILEVEL_enc1_id0_0_0_0_0_0_et64_mode4_omax2_serr1.gv
[34mGrid (8 X 5) and et=64 exploration started...[39m
[36mHERE[39m
[32mcan get this model[39m
(7.9781, 2.7357582439439995e-06, 0.068239, (1, 1))
[36mobj_model[0] = 7.9781, synth_obj.estimate_area = 0.0[39m
changin previous iteration graph ... {'adder_i10_o6_et1_MULTILEVEL_enc1_id0_0_0_0_0_0_0.v': (0.0, 0.0, 0.0, (1, 1))}
[32mverifying all approximate circuits -> [39m[32mErrorEval PASS! with total wce = 49[39m
[32mCell = (1, 1) iteration = 7 -> sat (1 models found)[39m
[32mDesign ID           Area       Power     Delay
---------------  -------  ----------  --------
Exact            67.5792  2.4298e-05  0.287319
id0_0_0_0_0_0_0   0       0           0[39m
[32mtime = 656.6085965633392[39m
candidates = {'adder_i10_o6_et1_MULTILEVEL_enc1_id0_0_0_0_0_0_0.v': (0.0, 0.0, 0.0, (1, 1))}
[35mArea zero found!
Terminated.[39m
