args = An object of class Arguments:
self.literals_per_product = 3
self.products_per_output = 2
self.products_in_total = 5
self.subxpat = True
self.subxpat_v2 = False
self.et = 32
self.clean = True
self.partitioning_percentage = 10
self.iterations = 1
self.grid = True
self.multiple = False
self.plot = False
self.imax = 3
self.omax = 2
self.sensitivity = -1
self.timeout = 10800
self.subgraph_size = 10
self.mode = 5
self.manual_nodes = []
self.population = 1
self.num_models = 1
self.min_labeling = False
self.shared = True
self.parallel = True
self.full_error_function = 1
self.sub_error_function = 1
self.et_partitioning = 'asc'
self.partial_labeling = True
self.num_subgraphs = 1
self.clean = True
self.encoding = 1
self.multilevel = True
self.lv=5
[34mcleaning...[39m
specs_obj = An object of Class TemplateSpecs:
self.template_name = 'MULTILEVEL'
self.exact_benchmark = 'adder_i10_o6'
self.benchmark_name = 'adder_i10_o6'
self.lpp = None
self.ppo = None
self.pit = None
self.lv = None
self.subxpat = True
self.subxpat_v2 = False
self.num_of_models = 1
self.et = 32
self.partitioning_percentage = 10
self.iterations = 1
self.grid = True
self.imax = 3
self.omax = 2
self.max_sensitivity = -1
self.sensitivity = 0
self.timeout = 10800.0
self.min_subgraph_size = 10
self.mode = 5
self.manual_nodes = []
self.population = 1
self.shared = True
self.multilevel = True
self.parallel = True
self.min_labeling = False
self.full_error_function = 1
self.sub_error_function = 1
self.et_partitioning = 'asc'
self.partial_labeling = True
self.keep_unsat_candidate = False

[34mShared SubXPAT started...[39m
path = 'output/report/grid_adder_i10_o6_5X5_et32_shared_subxpat__enc1_mode5_omax2_imax3_kucFalse_MULTILEVEL_time20240812:112703.csv'
[36miteration 1 with et 1, available error 32[39m
[36mcandidate adder_i10_o6[39m
[94mLabeling (explicit & parallel)... [0m[94mDone[0m
labeling_time = 1.7544245719909668
[34mPartition with omax=2 and hard feasibility constraints. Looking for largest partition[39m
[32msubgraph found -> SAT[39m[32m (#ofNodes=5)[39m
subgraph_extraction_time = 0.4195997714996338
subgraph exported at output/gv/subgraphs/adder_i10_o6_et1_mode5_omax2_serr1.gv
[34mGrid (8 X 5) and et=1 exploration started...[39m
[32mverifying all approximate circuits -> [39m[32mErrorEval PASS! with total wce = 1[39m
[32mCell = (2, 1) iteration = 1 -> sat (1 models found)[39m
[32mDesign ID       Area        Power     Delay
-----------  -------  -----------  --------
Exact        67.5792  2.4298e-05   0.287319
id0          62.8862  2.28561e-05  0.287319[39m
[32mtime = 103.51629734039307[39m
candidates = {'adder_i10_o6_et1_MULTILEVEL_enc1_id0.v': (62.8862, 2.2856076611790004e-05, 0.287319, (2, 1))}
[36miteration 2 with et 2, available error 32[39m
[36mcandidate adder_i10_o6_et1_MULTILEVEL_enc1_id0.v[39m
[94mLabeling (explicit & parallel)... [0m[94mDone[0m
labeling_time = 2.0997700691223145
[34mPartition with omax=2 and hard feasibility constraints. Looking for largest partition[39m
[32msubgraph found -> SAT[39m[32m (#ofNodes=9)[39m
subgraph_extraction_time = 0.4421510696411133
subgraph exported at output/gv/subgraphs/adder_i10_o6_et1_MULTILEVEL_enc1_id0_et2_mode5_omax2_serr1.gv
[34mGrid (8 X 5) and et=2 exploration started...[39m
[36mHERE[39m
[32mcan get this model[39m
(62.8862, 2.2856076611790004e-05, 0.287319, (2, 1))
[36mobj_model[0] = 62.8862, synth_obj.estimate_area = 50.6844[39m
changin previous iteration graph ... {'adder_i10_o6_et1_MULTILEVEL_enc1_id0_0.v': (50.6844, 1.7827425836e-05, 0.229553, (2, 1))}
[32mverifying all approximate circuits -> [39m[32mErrorEval PASS! with total wce = 2[39m
[32mCell = (2, 1) iteration = 2 -> sat (1 models found)[39m
[32mDesign ID       Area        Power     Delay
-----------  -------  -----------  --------
Exact        67.5792  2.4298e-05   0.287319
id0_0        50.6844  1.78274e-05  0.229553[39m
[32mtime = 197.02146530151367[39m
candidates = {'adder_i10_o6_et1_MULTILEVEL_enc1_id0_0.v': (50.6844, 1.7827425836e-05, 0.229553, (2, 1))}
[36miteration 3 with et 4, available error 32[39m
[36mcandidate adder_i10_o6_et1_MULTILEVEL_enc1_id0_0.v[39m
[94mLabeling (explicit & parallel)... [0m[94mDone[0m
labeling_time = 1.864164113998413
[34mPartition with omax=2 and hard feasibility constraints. Looking for largest partition[39m
[32msubgraph found -> SAT[39m[32m (#ofNodes=9)[39m
subgraph_extraction_time = 0.27817535400390625
subgraph exported at output/gv/subgraphs/adder_i10_o6_et1_MULTILEVEL_enc1_id0_0_et4_mode5_omax2_serr1.gv
[34mGrid (8 X 5) and et=4 exploration started...[39m
[33mCell(2,1) at iteration 3 -> UNSAT[39m
[36mHERE[39m
[32mcan get this model[39m
(50.6844, 1.7827425836e-05, 0.229553, (2, 1))
[36mobj_model[0] = 50.6844, synth_obj.estimate_area = 40.3598[39m
changin previous iteration graph ... {'adder_i10_o6_et1_MULTILEVEL_enc1_id0_0_0.v': (40.3598, 1.3528539057010002e-05, 0.171782, (2, 2))}
[32mverifying all approximate circuits -> [39m[32mErrorEval PASS! with total wce = 4[39m
[32mCell = (2, 2) iteration = 3 -> sat (1 models found)[39m
[32mDesign ID       Area        Power     Delay
-----------  -------  -----------  --------
Exact        67.5792  2.4298e-05   0.287319
id0_0_0      40.3598  1.35285e-05  0.171782[39m
[32mtime = 274.0202901363373[39m
candidates = {'adder_i10_o6_et1_MULTILEVEL_enc1_id0_0_0.v': (40.3598, 1.3528539057010002e-05, 0.171782, (2, 2))}
[36miteration 4 with et 8, available error 32[39m
[36mcandidate adder_i10_o6_et1_MULTILEVEL_enc1_id0_0_0.v[39m
[94mLabeling (explicit & parallel)... [0m[94mDone[0m
labeling_time = 1.8633692264556885
[34mPartition with omax=2 and hard feasibility constraints. Looking for largest partition[39m
[32msubgraph found -> SAT[39m[32m (#ofNodes=10)[39m
subgraph_extraction_time = 0.2138047218322754
subgraph exported at output/gv/subgraphs/adder_i10_o6_et1_MULTILEVEL_enc1_id0_0_0_et8_mode5_omax2_serr1.gv
[34mGrid (8 X 5) and et=8 exploration started...[39m
[36mHERE[39m
[32mcan get this model[39m
(40.3598, 1.3528539057010002e-05, 0.171782, (2, 2))
[36mobj_model[0] = 40.3598, synth_obj.estimate_area = 30.9738[39m
changin previous iteration graph ... {'adder_i10_o6_et1_MULTILEVEL_enc1_id0_0_0_0.v': (30.9738, 1.563717705722e-05, 0.127094, (2, 1))}
[32mverifying all approximate circuits -> [39m[32mErrorEval PASS! with total wce = 8[39m
[32mCell = (2, 1) iteration = 4 -> sat (1 models found)[39m
[32mDesign ID       Area        Power     Delay
-----------  -------  -----------  --------
Exact        67.5792  2.4298e-05   0.287319
id0_0_0_0    30.9738  1.56372e-05  0.127094[39m
[32mtime = 343.363876581192[39m
candidates = {'adder_i10_o6_et1_MULTILEVEL_enc1_id0_0_0_0.v': (30.9738, 1.563717705722e-05, 0.127094, (2, 1))}
[36miteration 5 with et 16, available error 32[39m
[36mcandidate adder_i10_o6_et1_MULTILEVEL_enc1_id0_0_0_0.v[39m
[94mLabeling (explicit & parallel)... [0m[94mDone[0m
labeling_time = 2.147416591644287
[34mPartition with omax=2 and hard feasibility constraints. Looking for largest partition[39m
[32msubgraph found -> SAT[39m[32m (#ofNodes=12)[39m
subgraph_extraction_time = 0.2080390453338623
subgraph exported at output/gv/subgraphs/adder_i10_o6_et1_MULTILEVEL_enc1_id0_0_0_0_et16_mode5_omax2_serr1.gv
[34mGrid (8 X 5) and et=16 exploration started...[39m
[36mHERE[39m
[32mcan get this model[39m
(30.9738, 1.563717705722e-05, 0.127094, (2, 1))
[36mobj_model[0] = 30.9738, synth_obj.estimate_area = 10.3246[39m
changin previous iteration graph ... {'adder_i10_o6_et1_MULTILEVEL_enc1_id0_0_0_0_0.v': (10.3246, 2.9835482564519997e-06, 0.040805, (2, 1))}
[32mverifying all approximate circuits -> [39m[32mErrorEval PASS! with total wce = 16[39m
[32mCell = (2, 1) iteration = 5 -> sat (1 models found)[39m
[32mDesign ID       Area        Power     Delay
-----------  -------  -----------  --------
Exact        67.5792  2.4298e-05   0.287319
id0_0_0_0_0  10.3246  2.98355e-06  0.040805[39m
[32mtime = 406.38803577423096[39m
candidates = {'adder_i10_o6_et1_MULTILEVEL_enc1_id0_0_0_0_0.v': (10.3246, 2.9835482564519997e-06, 0.040805, (2, 1))}
[36miteration 6 with et 32, available error 32[39m
[36mcandidate adder_i10_o6_et1_MULTILEVEL_enc1_id0_0_0_0_0.v[39m
[94mLabeling (explicit & parallel)... [0m[94mDone[0m
labeling_time = 1.5052239894866943
[34mPartition with omax=2 and hard feasibility constraints. Looking for largest partition[39m
[32msubgraph found -> SAT[39m[32m (#ofNodes=7)[39m
subgraph_extraction_time = 0.12601470947265625
subgraph exported at output/gv/subgraphs/adder_i10_o6_et1_MULTILEVEL_enc1_id0_0_0_0_0_et32_mode5_omax2_serr1.gv
[34mGrid (8 X 5) and et=32 exploration started...[39m
[36mHERE[39m
[32mcan get this model[39m
(10.3246, 2.9835482564519997e-06, 0.040805, (2, 1))
[36mobj_model[0] = 10.3246, synth_obj.estimate_area = 2.8158[39m
changin previous iteration graph ... {'adder_i10_o6_et1_MULTILEVEL_enc1_id0_0_0_0_0_0.v': (2.8158, 7.708056273259e-07, 0.031935, (2, 1))}
[32mverifying all approximate circuits -> [39m[32mErrorEval PASS! with total wce = 29[39m
[32mCell = (2, 1) iteration = 6 -> sat (1 models found)[39m
[32mDesign ID         Area        Power     Delay
-------------  -------  -----------  --------
Exact          67.5792  2.4298e-05   0.287319
id0_0_0_0_0_0   2.8158  7.70806e-07  0.031935[39m
[32mtime = 462.6912488937378[39m
candidates = {'adder_i10_o6_et1_MULTILEVEL_enc1_id0_0_0_0_0_0.v': (2.8158, 7.708056273259e-07, 0.031935, (2, 1))}
[36miteration 7 with et 64, available error 32[39m
[36mcandidate adder_i10_o6_et1_MULTILEVEL_enc1_id0_0_0_0_0_0.v[39m
[94mLabeling (explicit & parallel)... [0m[94mDone[0m
labeling_time = 1.3614649772644043
[34mPartition with omax=2 and hard feasibility constraints. Looking for largest partition[39m
[32msubgraph found -> SAT[39m[32m (#ofNodes=1)[39m
subgraph_extraction_time = 0.1024477481842041
subgraph exported at output/gv/subgraphs/adder_i10_o6_et1_MULTILEVEL_enc1_id0_0_0_0_0_0_et64_mode5_omax2_serr1.gv
[34mGrid (8 X 5) and et=64 exploration started...[39m
[36mHERE[39m
[32mcan get this model[39m
(2.8158, 7.708056273259e-07, 0.031935, (2, 1))
[36mobj_model[0] = 2.8158, synth_obj.estimate_area = 0.0[39m
[33mOpenSTA Warning! Design has 0 delay![39m
changin previous iteration graph ... {'adder_i10_o6_et1_MULTILEVEL_enc1_id0_0_0_0_0_0_0.v': (0.0, 0.0, -1, (2, 1))}
[32mverifying all approximate circuits -> [39m[32mErrorEval PASS! with total wce = 33[39m
[32mCell = (2, 1) iteration = 7 -> sat (1 models found)[39m
[32mDesign ID           Area       Power      Delay
---------------  -------  ----------  ---------
Exact            67.5792  2.4298e-05   0.287319
id0_0_0_0_0_0_0   0       0           -1[39m
[32mtime = 516.700236082077[39m
candidates = {'adder_i10_o6_et1_MULTILEVEL_enc1_id0_0_0_0_0_0_0.v': (0.0, 0.0, -1, (2, 1))}
[35mArea zero found!
Terminated.[39m
