args = An object of class Arguments:
self.literals_per_product = 3
self.products_per_output = 2
self.products_in_total = 4
self.subxpat = True
self.subxpat_v2 = False
self.et = 32
self.clean = True
self.partitioning_percentage = 10
self.iterations = 1
self.grid = True
self.multiple = False
self.plot = False
self.imax = 3
self.omax = 2
self.sensitivity = -1
self.timeout = 10800
self.subgraph_size = 10
self.mode = 4
self.manual_nodes = []
self.population = 1
self.num_models = 1
self.min_labeling = False
self.shared = True
self.parallel = True
self.full_error_function = 1
self.sub_error_function = 1
self.et_partitioning = 'asc'
self.partial_labeling = True
self.num_subgraphs = 1
self.clean = True
self.encoding = 1
self.multilevel = True
self.lv=4
[34mcleaning...[39m
specs_obj = An object of Class TemplateSpecs:
self.template_name = 'MULTILEVEL'
self.exact_benchmark = 'adder_i10_o6'
self.benchmark_name = 'adder_i10_o6'
self.lpp = None
self.ppo = None
self.pit = None
self.lv = None
self.subxpat = True
self.subxpat_v2 = False
self.num_of_models = 1
self.et = 32
self.partitioning_percentage = 10
self.iterations = 1
self.grid = True
self.imax = 3
self.omax = 2
self.max_sensitivity = -1
self.sensitivity = 0
self.timeout = 10800.0
self.min_subgraph_size = 10
self.mode = 4
self.manual_nodes = []
self.population = 1
self.shared = True
self.multilevel = True
self.parallel = True
self.min_labeling = False
self.full_error_function = 1
self.sub_error_function = 1
self.et_partitioning = 'asc'
self.partial_labeling = True
self.keep_unsat_candidate = False

[34mShared SubXPAT started...[39m
path = 'output/report/grid_adder_i10_o6_4X4_et32_shared_subxpat__enc1_mode4_omax2_imax3_kucFalse_MULTILEVEL_time20240808:164744.csv'
[36miteration 1 with et 1, available error 32[39m
[36mcandidate adder_i10_o6[39m
[94mLabeling (explicit & parallel)... [0m[94mDone[0m
labeling_time = 1.8549408912658691
[34mPartition with omax=2 and feasibility constraints. Looking for largest partition[39m
[32msubgraph found -> SAT[39m[32m (#ofNodes=6)[39m
subgraph_extraction_time = 0.4332234859466553
subgraph exported at output/gv/subgraphs/adder_i10_o6_et1_mode4_omax2_serr1.gv
[34mGrid (7 X 4) and et=1 exploration started...[39m
[32mverifying all approximate circuits -> [39m[32mErrorEval PASS! with total wce = 1[39m
[32mCell = (2, 1) iteration = 1 -> sat (1 models found)[39m
[32mDesign ID       Area        Power     Delay
-----------  -------  -----------  --------
Exact        67.5792  2.4298e-05   0.287319
id0          62.4169  2.29556e-05  0.313434[39m
[32mtime = 103.72238397598267[39m
candidates = {'adder_i10_o6_et1_MULTILEVEL_enc1_id0.v': (62.4169, 2.295560989296e-05, 0.313434, (2, 1))}
[36miteration 2 with et 2, available error 32[39m
[36mcandidate adder_i10_o6_et1_MULTILEVEL_enc1_id0.v[39m
[94mLabeling (explicit & parallel)... [0m[94mDone[0m
labeling_time = 2.12147855758667
[34mPartition with omax=2 and feasibility constraints. Looking for largest partition[39m
[32msubgraph found -> SAT[39m[32m (#ofNodes=11)[39m
subgraph_extraction_time = 0.329634428024292
subgraph exported at output/gv/subgraphs/adder_i10_o6_et1_MULTILEVEL_enc1_id0_et2_mode4_omax2_serr1.gv
[34mGrid (7 X 4) and et=2 exploration started...[39m
[36mHERE[39m
[32mcan get this model[39m
(62.4169, 2.295560989296e-05, 0.313434, (2, 1))
[36mobj_model[0] = 62.4169, synth_obj.estimate_area = 53.5002[39m
changin previous iteration graph ... {'adder_i10_o6_et1_MULTILEVEL_enc1_id0_0.v': (53.5002, 2.1431202185340002e-05, 0.214686, (2, 1))}
[32mverifying all approximate circuits -> [39m[32mErrorEval PASS! with total wce = 2[39m
[32mCell = (2, 1) iteration = 2 -> sat (1 models found)[39m
[32mDesign ID       Area        Power     Delay
-----------  -------  -----------  --------
Exact        67.5792  2.4298e-05   0.287319
id0_0        53.5002  2.14312e-05  0.214686[39m
[32mtime = 210.80308771133423[39m
candidates = {'adder_i10_o6_et1_MULTILEVEL_enc1_id0_0.v': (53.5002, 2.1431202185340002e-05, 0.214686, (2, 1))}
[36miteration 3 with et 4, available error 32[39m
[36mcandidate adder_i10_o6_et1_MULTILEVEL_enc1_id0_0.v[39m
[94mLabeling (explicit & parallel)... [0m[94mDone[0m
labeling_time = 2.24219012260437
[34mPartition with omax=2 and feasibility constraints. Looking for largest partition[39m
[32msubgraph found -> SAT[39m[32m (#ofNodes=15)[39m
subgraph_extraction_time = 0.32375574111938477
subgraph exported at output/gv/subgraphs/adder_i10_o6_et1_MULTILEVEL_enc1_id0_0_et4_mode4_omax2_serr1.gv
[34mGrid (7 X 4) and et=4 exploration started...[39m
[33mCell(2,1) at iteration 3 -> UNSAT[39m
[36mHERE[39m
[32mcan get this model[39m
(53.5002, 2.1431202185340002e-05, 0.214686, (2, 1))
[36mobj_model[0] = 53.5002, synth_obj.estimate_area = 46.4607[39m
changin previous iteration graph ... {'adder_i10_o6_et1_MULTILEVEL_enc1_id0_0_0.v': (46.4607, 1.777556281013e-05, 0.217529, (2, 2))}
[32mverifying all approximate circuits -> [39m[32mErrorEval PASS! with total wce = 4[39m
[32mCell = (2, 2) iteration = 3 -> sat (1 models found)[39m
[32mDesign ID       Area        Power     Delay
-----------  -------  -----------  --------
Exact        67.5792  2.4298e-05   0.287319
id0_0_0      46.4607  1.77756e-05  0.217529[39m
[32mtime = 312.06054067611694[39m
candidates = {'adder_i10_o6_et1_MULTILEVEL_enc1_id0_0_0.v': (46.4607, 1.777556281013e-05, 0.217529, (2, 2))}
[36miteration 4 with et 8, available error 32[39m
[36mcandidate adder_i10_o6_et1_MULTILEVEL_enc1_id0_0_0.v[39m
[94mLabeling (explicit & parallel)... [0m[94mDone[0m
labeling_time = 2.4537405967712402
[34mPartition with omax=2 and feasibility constraints. Looking for largest partition[39m
[32msubgraph found -> SAT[39m[32m (#ofNodes=14)[39m
subgraph_extraction_time = 0.30475473403930664
subgraph exported at output/gv/subgraphs/adder_i10_o6_et1_MULTILEVEL_enc1_id0_0_0_et8_mode4_omax2_serr1.gv
[34mGrid (7 X 4) and et=8 exploration started...[39m
[36mHERE[39m
[32mcan get this model[39m
(46.4607, 1.777556281013e-05, 0.217529, (2, 2))
[36mobj_model[0] = 46.4607, synth_obj.estimate_area = 36.1361[39m
changin previous iteration graph ... {'adder_i10_o6_et1_MULTILEVEL_enc1_id0_0_0_0.v': (36.1361, 1.1458554581620001e-05, 0.167966, (2, 1))}
[32mverifying all approximate circuits -> [39m[32mErrorEval PASS! with total wce = 7[39m
[32mCell = (2, 1) iteration = 4 -> sat (1 models found)[39m
[32mDesign ID       Area        Power     Delay
-----------  -------  -----------  --------
Exact        67.5792  2.4298e-05   0.287319
id0_0_0_0    36.1361  1.14586e-05  0.167966[39m
[32mtime = 416.1173679828644[39m
candidates = {'adder_i10_o6_et1_MULTILEVEL_enc1_id0_0_0_0.v': (36.1361, 1.1458554581620001e-05, 0.167966, (2, 1))}
[36miteration 5 with et 16, available error 32[39m
[36mcandidate adder_i10_o6_et1_MULTILEVEL_enc1_id0_0_0_0.v[39m
[94mLabeling (explicit & parallel)... [0m[94mDone[0m
labeling_time = 2.5585782527923584
[34mPartition with omax=2 and feasibility constraints. Looking for largest partition[39m
[32msubgraph found -> SAT[39m[32m (#ofNodes=19)[39m
subgraph_extraction_time = 0.2520928382873535
subgraph exported at output/gv/subgraphs/adder_i10_o6_et1_MULTILEVEL_enc1_id0_0_0_0_et16_mode4_omax2_serr1.gv
[34mGrid (7 X 4) and et=16 exploration started...[39m
[36mHERE[39m
[32mcan get this model[39m
(36.1361, 1.1458554581620001e-05, 0.167966, (2, 1))
[36mobj_model[0] = 36.1361, synth_obj.estimate_area = 21.5878[39m
changin previous iteration graph ... {'adder_i10_o6_et1_MULTILEVEL_enc1_id0_0_0_0_0.v': (21.5878, 6.078707883717e-06, 0.122433, (2, 1))}
[32mverifying all approximate circuits -> [39m[32mErrorEval PASS! with total wce = 14[39m
[32mCell = (2, 1) iteration = 5 -> sat (1 models found)[39m
[32mDesign ID       Area        Power     Delay
-----------  -------  -----------  --------
Exact        67.5792  2.4298e-05   0.287319
id0_0_0_0_0  21.5878  6.07871e-06  0.122433[39m
[32mtime = 505.8120667934418[39m


candidates = {'adder_i10_o6_et1_MULTILEVEL_enc1_id0_0_0_0_0.v': (21.5878, 6.078707883717e-06, 0.122433, (2, 1))}
[36miteration 6 with et 32, available error 32[39m
[36mcandidate adder_i10_o6_et1_MULTILEVEL_enc1_id0_0_0_0_0.v[39m
[94mLabeling (explicit & parallel)... [0m[94mDone[0m
labeling_time = 2.1553738117218018
[34mPartition with omax=2 and feasibility constraints. Looking for largest partition[39m
[32msubgraph found -> SAT[39m[32m (#ofNodes=22)[39m
subgraph_extraction_time = 0.19662094116210938
subgraph exported at output/gv/subgraphs/adder_i10_o6_et1_MULTILEVEL_enc1_id0_0_0_0_0_et32_mode4_omax2_serr1.gv
[34mGrid (7 X 4) and et=32 exploration started...[39m
[36mHERE[39m
[32mcan get this model[39m
(21.5878, 6.078707883717e-06, 0.122433, (2, 1))
[36mobj_model[0] = 21.5878, synth_obj.estimate_area = 4.693[39m
changin previous iteration graph ... {'adder_i10_o6_et1_MULTILEVEL_enc1_id0_0_0_0_0_0.v': (4.693, 1.151167907665e-06, 0.031935, (2, 1))}
[32mverifying all approximate circuits -> [39m[32mErrorEval PASS! with total wce = 30[39m
[32mCell = (2, 1) iteration = 6 -> sat (1 models found)[39m
[32mDesign ID         Area        Power     Delay
-------------  -------  -----------  --------
Exact          67.5792  2.4298e-05   0.287319
id0_0_0_0_0_0   4.693   1.15117e-06  0.031935[39m
[32mtime = 584.0417621135712[39m

candidates = {'adder_i10_o6_et1_MULTILEVEL_enc1_id0_0_0_0_0_0.v': (4.693, 1.151167907665e-06, 0.031935, (2, 1))}
[36miteration 7 with et 64, available error 32[39m
[36mcandidate adder_i10_o6_et1_MULTILEVEL_enc1_id0_0_0_0_0_0.v[39m
[94mLabeling (explicit & parallel)... [0m[94mDone[0m
labeling_time = 1.6496353149414062
[34mPartition with omax=2 and feasibility constraints. Looking for largest partition[39m
[32msubgraph found -> SAT[39m[32m (#ofNodes=3)[39m
subgraph_extraction_time = 0.10679364204406738
subgraph exported at output/gv/subgraphs/adder_i10_o6_et1_MULTILEVEL_enc1_id0_0_0_0_0_0_et64_mode4_omax2_serr1.gv
[34mGrid (7 X 4) and et=64 exploration started...[39m
[36mHERE[39m
[32mcan get this model[39m
(4.693, 1.151167907665e-06, 0.031935, (2, 1))
[36mobj_model[0] = 4.693, synth_obj.estimate_area = 0.0[39m
[33mOpenSTA Warning! Design has 0 delay![39m
changin previous iteration graph ... {'adder_i10_o6_et1_MULTILEVEL_enc1_id0_0_0_0_0_0_0.v': (0.0, 0.0, -1, (2, 1))}
[32mverifying all approximate circuits -> [39m[32mErrorEval PASS! with total wce = 46[39m
[32mCell = (2, 1) iteration = 7 -> sat (1 models found)[39m
[32mDesign ID           Area       Power      Delay
---------------  -------  ----------  ---------
Exact            67.5792  2.4298e-05   0.287319
id0_0_0_0_0_0_0   0       0           -1[39m
[32mtime = 661.857757806778[39m
candidates = {'adder_i10_o6_et1_MULTILEVEL_enc1_id0_0_0_0_0_0_0.v': (0.0, 0.0, -1, (2, 1))}
[35mArea zero found!
Terminated.[39m
