args = An object of class Arguments:
self.literals_per_product = 3
self.products_per_output = 2
self.products_in_total = 9
self.subxpat = True
self.subxpat_v2 = False
self.et = 64
self.clean = True
self.partitioning_percentage = 10
self.iterations = 1
self.grid = True
self.multiple = False
self.plot = False
self.imax = 3
self.omax = 2
self.sensitivity = -1
self.timeout = 10800
self.subgraph_size = 10
self.mode = 4
self.manual_nodes = []
self.population = 1
self.num_models = 1
self.min_labeling = False
self.shared = True
self.parallel = True
self.full_error_function = 1
self.sub_error_function = 1
self.et_partitioning = 'asc'
self.partial_labeling = True
self.num_subgraphs = 1
self.clean = True
self.encoding = 1
self.multilevel = True
self.lv=7
[34mcleaning...[39m
specs_obj = An object of Class TemplateSpecs:
self.template_name = 'MULTILEVEL'
self.exact_benchmark = 'adder_i16_o9'
self.benchmark_name = 'adder_i16_o9'
self.lpp = None
self.ppo = None
self.pit = None
self.lv = None
self.subxpat = True
self.subxpat_v2 = False
self.num_of_models = 1
self.et = 64
self.partitioning_percentage = 10
self.iterations = 1
self.grid = True
self.imax = 3
self.omax = 2
self.max_sensitivity = -1
self.sensitivity = 0
self.timeout = 10800.0
self.min_subgraph_size = 10
self.mode = 4
self.manual_nodes = []
self.population = 1
self.shared = True
self.multilevel = True
self.parallel = True
self.min_labeling = False
self.full_error_function = 1
self.sub_error_function = 1
self.et_partitioning = 'asc'
self.partial_labeling = True
self.keep_unsat_candidate = False

[34mShared SubXPAT started...[39m
path = 'output/report/grid_adder_i16_o9_7X9_et64_shared_subxpat__enc1_mode4_omax2_imax3_kucFalse_MULTILEVEL_time20240809:100018.csv'
[36miteration 1 with et 1, available error 64[39m
[36mcandidate adder_i16_o9[39m
[94mLabeling (explicit & parallel)... [0m[94mDone[0m
labeling_time = 2.124844789505005
[34mPartition with omax=2 and feasibility constraints. Looking for largest partition[39m
[32msubgraph found -> SAT[39m[32m (#ofNodes=6)[39m
subgraph_extraction_time = 0.8840954303741455
subgraph exported at output/gv/subgraphs/adder_i16_o9_et1_mode4_omax2_serr1.gv
[34mGrid (12 X 9) and et=1 exploration started...[39m
[33mCell(2,1) at iteration 1 -> UNKNOWN[39m
[36mCell(2,2) at iteration 1 -> DOMINATED[39m
[36mCell(2,3) at iteration 1 -> DOMINATED[39m
[36mCell(2,4) at iteration 1 -> DOMINATED[39m
[36mCell(2,5) at iteration 1 -> DOMINATED[39m
[36mCell(2,6) at iteration 1 -> DOMINATED[39m
[36mCell(2,7) at iteration 1 -> DOMINATED[39m
[36mCell(2,8) at iteration 1 -> DOMINATED[39m
[36mCell(3,2) at iteration 1 -> DOMINATED[39m
[36mCell(3,3) at iteration 1 -> DOMINATED[39m
[36mCell(3,4) at iteration 1 -> DOMINATED[39m
[36mCell(3,5) at iteration 1 -> DOMINATED[39m
[36mCell(3,6) at iteration 1 -> DOMINATED[39m
[36mCell(3,7) at iteration 1 -> DOMINATED[39m
[36mCell(3,8) at iteration 1 -> DOMINATED[39m
[36mCell(4,2) at iteration 1 -> DOMINATED[39m
[36mCell(4,3) at iteration 1 -> DOMINATED[39m
[36mCell(4,4) at iteration 1 -> DOMINATED[39m
[36mCell(4,5) at iteration 1 -> DOMINATED[39m
[36mCell(4,6) at iteration 1 -> DOMINATED[39m
[36mCell(4,7) at iteration 1 -> DOMINATED[39m
[36mCell(4,8) at iteration 1 -> DOMINATED[39m
[36mCell(5,2) at iteration 1 -> DOMINATED[39m
[36mCell(5,3) at iteration 1 -> DOMINATED[39m
[36mCell(5,4) at iteration 1 -> DOMINATED[39m
[36mCell(5,5) at iteration 1 -> DOMINATED[39m
[36mCell(5,6) at iteration 1 -> DOMINATED[39m
[36mCell(5,7) at iteration 1 -> DOMINATED[39m
[36mCell(5,8) at iteration 1 -> DOMINATED[39m
[36mCell(6,2) at iteration 1 -> DOMINATED[39m
[36mCell(6,3) at iteration 1 -> DOMINATED[39m
[36mCell(6,4) at iteration 1 -> DOMINATED[39m
[36mCell(6,5) at iteration 1 -> DOMINATED[39m
[36mCell(6,6) at iteration 1 -> DOMINATED[39m
[36mCell(6,7) at iteration 1 -> DOMINATED[39m
[36mCell(6,8) at iteration 1 -> DOMINATED[39m
candidates = {'adder_i16_o9': ('Area', 'Delay', 'Power', ('LPP', 'PPO'))}
[36miteration 2 with et 2, available error 64[39m
[36mcandidate adder_i16_o9[39m
[94mLabeling (explicit & parallel)... [0m[94mDone[0m
labeling_time = 2.5415031909942627
[34mPartition with omax=2 and feasibility constraints. Looking for largest partition[39m
[32msubgraph found -> SAT[39m[32m (#ofNodes=11)[39m
subgraph_extraction_time = 0.8691518306732178
subgraph exported at output/gv/subgraphs/adder_i16_o9_et2_mode4_omax2_serr1.gv
[34mGrid (12 X 9) and et=2 exploration started...[39m
[33mCell(2,1) at iteration 2 -> UNKNOWN[39m
[36mCell(2,2) at iteration 2 -> DOMINATED[39m
[36mCell(2,3) at iteration 2 -> DOMINATED[39m
[36mCell(2,4) at iteration 2 -> DOMINATED[39m
[36mCell(2,5) at iteration 2 -> DOMINATED[39m
[36mCell(2,6) at iteration 2 -> DOMINATED[39m
[36mCell(2,7) at iteration 2 -> DOMINATED[39m
[36mCell(2,8) at iteration 2 -> DOMINATED[39m
[36mCell(3,2) at iteration 2 -> DOMINATED[39m
[36mCell(3,3) at iteration 2 -> DOMINATED[39m
[36mCell(3,4) at iteration 2 -> DOMINATED[39m
[36mCell(3,5) at iteration 2 -> DOMINATED[39m
[36mCell(3,6) at iteration 2 -> DOMINATED[39m
[36mCell(3,7) at iteration 2 -> DOMINATED[39m
[36mCell(3,8) at iteration 2 -> DOMINATED[39m
[36mCell(4,2) at iteration 2 -> DOMINATED[39m
[36mCell(4,3) at iteration 2 -> DOMINATED[39m
[36mCell(4,4) at iteration 2 -> DOMINATED[39m
[36mCell(4,5) at iteration 2 -> DOMINATED[39m
[36mCell(4,6) at iteration 2 -> DOMINATED[39m
[36mCell(4,7) at iteration 2 -> DOMINATED[39m
[36mCell(4,8) at iteration 2 -> DOMINATED[39m
[36mCell(5,2) at iteration 2 -> DOMINATED[39m
[36mCell(5,3) at iteration 2 -> DOMINATED[39m
[36mCell(5,4) at iteration 2 -> DOMINATED[39m
[36mCell(5,5) at iteration 2 -> DOMINATED[39m
[36mCell(5,6) at iteration 2 -> DOMINATED[39m
[36mCell(5,7) at iteration 2 -> DOMINATED[39m
[36mCell(5,8) at iteration 2 -> DOMINATED[39m
[36mCell(6,2) at iteration 2 -> DOMINATED[39m
[36mCell(6,3) at iteration 2 -> DOMINATED[39m
[36mCell(6,4) at iteration 2 -> DOMINATED[39m
[36mCell(6,5) at iteration 2 -> DOMINATED[39m
[36mCell(6,6) at iteration 2 -> DOMINATED[39m
[36mCell(6,7) at iteration 2 -> DOMINATED[39m
[36mCell(6,8) at iteration 2 -> DOMINATED[39m
candidates = {'adder_i16_o9': ('Area', 'Delay', 'Power', ('LPP', 'PPO'))}
[36miteration 3 with et 4, available error 64[39m
[36mcandidate adder_i16_o9[39m
[94mLabeling (explicit & parallel)... [0m[94mDone[0m
labeling_time = 2.9600775241851807
[34mPartition with omax=2 and feasibility constraints. Looking for largest partition[39m
[32msubgraph found -> SAT[39m[32m (#ofNodes=14)[39m
subgraph_extraction_time = 0.9799976348876953
subgraph exported at output/gv/subgraphs/adder_i16_o9_et4_mode4_omax2_serr1.gv
[34mGrid (12 X 9) and et=4 exploration started...[39m
[33mCell(2,1) at iteration 3 -> UNKNOWN[39m
[36mCell(2,2) at iteration 3 -> DOMINATED[39m
[36mCell(2,3) at iteration 3 -> DOMINATED[39m
[36mCell(2,4) at iteration 3 -> DOMINATED[39m
[36mCell(2,5) at iteration 3 -> DOMINATED[39m
[36mCell(2,6) at iteration 3 -> DOMINATED[39m
[36mCell(2,7) at iteration 3 -> DOMINATED[39m
[36mCell(2,8) at iteration 3 -> DOMINATED[39m
[36mCell(3,2) at iteration 3 -> DOMINATED[39m
[36mCell(3,3) at iteration 3 -> DOMINATED[39m
[36mCell(3,4) at iteration 3 -> DOMINATED[39m
[36mCell(3,5) at iteration 3 -> DOMINATED[39m
[36mCell(3,6) at iteration 3 -> DOMINATED[39m
[36mCell(3,7) at iteration 3 -> DOMINATED[39m
[36mCell(3,8) at iteration 3 -> DOMINATED[39m
[36mCell(4,2) at iteration 3 -> DOMINATED[39m
[36mCell(4,3) at iteration 3 -> DOMINATED[39m
[36mCell(4,4) at iteration 3 -> DOMINATED[39m
[36mCell(4,5) at iteration 3 -> DOMINATED[39m
[36mCell(4,6) at iteration 3 -> DOMINATED[39m
[36mCell(4,7) at iteration 3 -> DOMINATED[39m
[36mCell(4,8) at iteration 3 -> DOMINATED[39m
[36mCell(5,2) at iteration 3 -> DOMINATED[39m
[36mCell(5,3) at iteration 3 -> DOMINATED[39m
[36mCell(5,4) at iteration 3 -> DOMINATED[39m
[36mCell(5,5) at iteration 3 -> DOMINATED[39m
[36mCell(5,6) at iteration 3 -> DOMINATED[39m
[36mCell(5,7) at iteration 3 -> DOMINATED[39m
