
 /----------------------------------------------------------------------------\
 |                                                                            |
 |  yosys -- Yosys Open SYnthesis Suite                                       |
 |                                                                            |
 |  Copyright (C) 2012 - 2020  Claire Xenia Wolf <claire@yosyshq.com>         |
 |                                                                            |
 |  Permission to use, copy, modify, and/or distribute this software for any  |
 |  purpose with or without fee is hereby granted, provided that the above    |
 |  copyright notice and this permission notice appear in all copies.         |
 |                                                                            |
 |  THE SOFTWARE IS PROVIDED "AS IS" AND THE AUTHOR DISCLAIMS ALL WARRANTIES  |
 |  WITH REGARD TO THIS SOFTWARE INCLUDING ALL IMPLIED WARRANTIES OF          |
 |  MERCHANTABILITY AND FITNESS. IN NO EVENT SHALL THE AUTHOR BE LIABLE FOR   |
 |  ANY SPECIAL, DIRECT, INDIRECT, OR CONSEQUENTIAL DAMAGES OR ANY DAMAGES    |
 |  WHATSOEVER RESULTING FROM LOSS OF USE, DATA OR PROFITS, WHETHER IN AN     |
 |  ACTION OF CONTRACT, NEGLIGENCE OR OTHER TORTIOUS ACTION, ARISING OUT OF   |
 |  OR IN CONNECTION WITH THE USE OR PERFORMANCE OF THIS SOFTWARE.            |
 |                                                                            |
 \----------------------------------------------------------------------------/

 Yosys 0.34+27 (git sha1 7d30f716e, clang 10.0.0-4ubuntu1 -fPIC -Os)


-- Running command `
        read_verilog output/ver/adder_i8_o5.v
        show -prefix output/gv/adder_i8_o5 -format gv
        ' --

1. Executing Verilog-2005 frontend: output/ver/adder_i8_o5.v
Parsing Verilog input from `output/ver/adder_i8_o5.v' to AST representation.
Generating RTLIL representation for module `\top'.
Successfully finished Verilog frontend.

2. Generating Graphviz representation of design.
Writing dot description to `output/gv/adder_i8_o5.dot'.
Dumping module top to page 1.
Exec: dot -Tgv 'output/gv/adder_i8_o5.dot' > 'output/gv/adder_i8_o5.gv.new' && mv 'output/gv/adder_i8_o5.gv.new' 'output/gv/adder_i8_o5.gv'

End of script. Logfile hash: 621be8b6a8, CPU: user 0.01s system 0.03s, MEM: 102.29 MB peak
Yosys 0.34+27 (git sha1 7d30f716e, clang 10.0.0-4ubuntu1 -fPIC -Os)
Time spent: 96% 1x show (0 sec), 3% 2x read_verilog (0 sec)
